[2018-04-11 04:52:48] local.ERROR: Class 'App\Articles' not found {"exception":"[object] (Symfony\\Component\\Debug\\Exception\\FatalThrowableError(code: 0): Class 'App\\Articles' not found at C:\\XAMPP\\htdocs\\Laravel55-API-Traversy\\vendor\\laravel\\framework\\src\\Illuminate\\Database\\Eloquent\\FactoryBuilder.php:192)
[stacktrace]
#0 C:\\XAMPP\\htdocs\\Laravel55-API-Traversy\\vendor\\laravel\\framework\\src\\Illuminate\\Database\\Eloquent\\FactoryBuilder.php(148): Illuminate\\Database\\Eloquent\\FactoryBuilder->make(Array)
#1 C:\\XAMPP\\htdocs\\Laravel55-API-Traversy\\database\\seeds\\ArticlesTableSeeder.php(14): Illuminate\\Database\\Eloquent\\FactoryBuilder->create()
#2 [internal function]: ArticlesTableSeeder->run()
#3 C:\\XAMPP\\htdocs\\Laravel55-API-Traversy\\vendor\\laravel\\framework\\src\\Illuminate\\Container\\BoundMethod.php(29): call_user_func_array(Array, Array)
#4 C:\\XAMPP\\htdocs\\Laravel55-API-Traversy\\vendor\\laravel\\framework\\src\\Illuminate\\Container\\BoundMethod.php(87): Illuminate\\Container\\BoundMethod::Illuminate\\Container\\{closure}()
#5 C:\\XAMPP\\htdocs\\Laravel55-API-Traversy\\vendor\\laravel\\framework\\src\\Illuminate\\Container\\BoundMethod.php(31): Illuminate\\Container\\BoundMethod::callBoundMethod(Object(Illuminate\\Foundation\\Application), Array, Object(Closure))
#6 C:\\XAMPP\\htdocs\\Laravel55-API-Traversy\\vendor\\laravel\\framework\\src\\Illuminate\\Container\\Container.php(549): Illuminate\\Container\\BoundMethod::call(Object(Illuminate\\Foundation\\Application), Array, Array, NULL)
#7 C:\\XAMPP\\htdocs\\Laravel55-API-Traversy\\vendor\\laravel\\framework\\src\\Illuminate\\Database\\Seeder.php(119): Illuminate\\Container\\Container->call(Array)
#8 C:\\XAMPP\\htdocs\\Laravel55-API-Traversy\\vendor\\laravel\\framework\\src\\Illuminate\\Database\\Seeder.php(41): Illuminate\\Database\\Seeder->__invoke()
#9 C:\\XAMPP\\htdocs\\Laravel55-API-Traversy\\database\\seeds\\DatabaseSeeder.php(14): Illuminate\\Database\\Seeder->call('ArticlesTableSe...')
#10 [internal function]: DatabaseSeeder->run()
#11 C:\\XAMPP\\htdocs\\Laravel55-API-Traversy\\vendor\\laravel\\framework\\src\\Illuminate\\Container\\BoundMethod.php(29): call_user_func_array(Array, Array)
#12 C:\\XAMPP\\htdocs\\Laravel55-API-Traversy\\vendor\\laravel\\framework\\src\\Illuminate\\Container\\BoundMethod.php(87): Illuminate\\Container\\BoundMethod::Illuminate\\Container\\{closure}()
#13 C:\\XAMPP\\htdocs\\Laravel55-API-Traversy\\vendor\\laravel\\framework\\src\\Illuminate\\Container\\BoundMethod.php(31): Illuminate\\Container\\BoundMethod::callBoundMethod(Object(Illuminate\\Foundation\\Application), Array, Object(Closure))
#14 C:\\XAMPP\\htdocs\\Laravel55-API-Traversy\\vendor\\laravel\\framework\\src\\Illuminate\\Container\\Container.php(549): Illuminate\\Container\\BoundMethod::call(Object(Illuminate\\Foundation\\Application), Array, Array, NULL)
#15 C:\\XAMPP\\htdocs\\Laravel55-API-Traversy\\vendor\\laravel\\framework\\src\\Illuminate\\Database\\Seeder.php(119): Illuminate\\Container\\Container->call(Array)
#16 C:\\XAMPP\\htdocs\\Laravel55-API-Traversy\\vendor\\laravel\\framework\\src\\Illuminate\\Database\\Console\\Seeds\\SeedCommand.php(63): Illuminate\\Database\\Seeder->__invoke()
#17 C:\\XAMPP\\htdocs\\Laravel55-API-Traversy\\vendor\\laravel\\framework\\src\\Illuminate\\Database\\Eloquent\\Concerns\\GuardsAttributes.php(122): Illuminate\\Database\\Console\\Seeds\\SeedCommand->Illuminate\\Database\\Console\\Seeds\\{closure}()
#18 C:\\XAMPP\\htdocs\\Laravel55-API-Traversy\\vendor\\laravel\\framework\\src\\Illuminate\\Database\\Console\\Seeds\\SeedCommand.php(64): Illuminate\\Database\\Eloquent\\Model::unguarded(Object(Closure))
#19 [internal function]: Illuminate\\Database\\Console\\Seeds\\SeedCommand->handle()
#20 C:\\XAMPP\\htdocs\\Laravel55-API-Traversy\\vendor\\laravel\\framework\\src\\Illuminate\\Container\\BoundMethod.php(29): call_user_func_array(Array, Array)
#21 C:\\XAMPP\\htdocs\\Laravel55-API-Traversy\\vendor\\laravel\\framework\\src\\Illuminate\\Container\\BoundMethod.php(87): Illuminate\\Container\\BoundMethod::Illuminate\\Container\\{closure}()
#22 C:\\XAMPP\\htdocs\\Laravel55-API-Traversy\\vendor\\laravel\\framework\\src\\Illuminate\\Container\\BoundMethod.php(31): Illuminate\\Container\\BoundMethod::callBoundMethod(Object(Illuminate\\Foundation\\Application), Array, Object(Closure))
#23 C:\\XAMPP\\htdocs\\Laravel55-API-Traversy\\vendor\\laravel\\framework\\src\\Illuminate\\Container\\Container.php(549): Illuminate\\Container\\BoundMethod::call(Object(Illuminate\\Foundation\\Application), Array, Array, NULL)
#24 C:\\XAMPP\\htdocs\\Laravel55-API-Traversy\\vendor\\laravel\\framework\\src\\Illuminate\\Console\\Command.php(180): Illuminate\\Container\\Container->call(Array)
#25 C:\\XAMPP\\htdocs\\Laravel55-API-Traversy\\vendor\\symfony\\console\\Command\\Command.php(264): Illuminate\\Console\\Command->execute(Object(Symfony\\Component\\Console\\Input\\ArgvInput), Object(Illuminate\\Console\\OutputStyle))
#26 C:\\XAMPP\\htdocs\\Laravel55-API-Traversy\\vendor\\laravel\\framework\\src\\Illuminate\\Console\\Command.php(167): Symfony\\Component\\Console\\Command\\Command->run(Object(Symfony\\Component\\Console\\Input\\ArgvInput), Object(Illuminate\\Console\\OutputStyle))
#27 C:\\XAMPP\\htdocs\\Laravel55-API-Traversy\\vendor\\symfony\\console\\Application.php(888): Illuminate\\Console\\Command->run(Object(Symfony\\Component\\Console\\Input\\ArgvInput), Object(Symfony\\Component\\Console\\Output\\ConsoleOutput))
#28 C:\\XAMPP\\htdocs\\Laravel55-API-Traversy\\vendor\\symfony\\console\\Application.php(224): Symfony\\Component\\Console\\Application->doRunCommand(Object(Illuminate\\Database\\Console\\Seeds\\SeedCommand), Object(Symfony\\Component\\Console\\Input\\ArgvInput), Object(Symfony\\Component\\Console\\Output\\ConsoleOutput))
#29 C:\\XAMPP\\htdocs\\Laravel55-API-Traversy\\vendor\\symfony\\console\\Application.php(125): Symfony\\Component\\Console\\Application->doRun(Object(Symfony\\Component\\Console\\Input\\ArgvInput), Object(Symfony\\Component\\Console\\Output\\ConsoleOutput))
#30 C:\\XAMPP\\htdocs\\Laravel55-API-Traversy\\vendor\\laravel\\framework\\src\\Illuminate\\Console\\Application.php(88): Symfony\\Component\\Console\\Application->run(Object(Symfony\\Component\\Console\\Input\\ArgvInput), Object(Symfony\\Component\\Console\\Output\\ConsoleOutput))
#31 C:\\XAMPP\\htdocs\\Laravel55-API-Traversy\\vendor\\laravel\\framework\\src\\Illuminate\\Foundation\\Console\\Kernel.php(121): Illuminate\\Console\\Application->run(Object(Symfony\\Component\\Console\\Input\\ArgvInput), Object(Symfony\\Component\\Console\\Output\\ConsoleOutput))
#32 C:\\XAMPP\\htdocs\\Laravel55-API-Traversy\\artisan(37): Illuminate\\Foundation\\Console\\Kernel->handle(Object(Symfony\\Component\\Console\\Input\\ArgvInput), Object(Symfony\\Component\\Console\\Output\\ConsoleOutput))
#33 {main}
"} 
[2018-04-11 04:53:03] local.ERROR: Unable to locate factory with name [default] [App\Article]. {"exception":"[object] (InvalidArgumentException(code: 0): Unable to locate factory with name [default] [App\\Article]. at C:\\XAMPP\\htdocs\\Laravel55-API-Traversy\\vendor\\laravel\\framework\\src\\Illuminate\\Database\\Eloquent\\FactoryBuilder.php:248)
[stacktrace]
#0 C:\\XAMPP\\htdocs\\Laravel55-API-Traversy\\vendor\\laravel\\framework\\src\\Illuminate\\Database\\Eloquent\\Concerns\\GuardsAttributes.php(116): Illuminate\\Database\\Eloquent\\FactoryBuilder->Illuminate\\Database\\Eloquent\\{closure}()
#1 C:\\XAMPP\\htdocs\\Laravel55-API-Traversy\\vendor\\laravel\\framework\\src\\Illuminate\\Database\\Eloquent\\FactoryBuilder.php(260): Illuminate\\Database\\Eloquent\\Model::unguarded(Object(Closure))
#2 C:\\XAMPP\\htdocs\\Laravel55-API-Traversy\\vendor\\laravel\\framework\\src\\Illuminate\\Database\\Eloquent\\FactoryBuilder.php(193): Illuminate\\Database\\Eloquent\\FactoryBuilder->makeInstance(Array)
#3 [internal function]: Illuminate\\Database\\Eloquent\\FactoryBuilder->Illuminate\\Database\\Eloquent\\{closure}(1)
#4 C:\\XAMPP\\htdocs\\Laravel55-API-Traversy\\vendor\\laravel\\framework\\src\\Illuminate\\Database\\Eloquent\\FactoryBuilder.php(194): array_map(Object(Closure), Array)
#5 C:\\XAMPP\\htdocs\\Laravel55-API-Traversy\\vendor\\laravel\\framework\\src\\Illuminate\\Database\\Eloquent\\FactoryBuilder.php(148): Illuminate\\Database\\Eloquent\\FactoryBuilder->make(Array)
#6 C:\\XAMPP\\htdocs\\Laravel55-API-Traversy\\database\\seeds\\ArticlesTableSeeder.php(14): Illuminate\\Database\\Eloquent\\FactoryBuilder->create()
#7 [internal function]: ArticlesTableSeeder->run()
#8 C:\\XAMPP\\htdocs\\Laravel55-API-Traversy\\vendor\\laravel\\framework\\src\\Illuminate\\Container\\BoundMethod.php(29): call_user_func_array(Array, Array)
#9 C:\\XAMPP\\htdocs\\Laravel55-API-Traversy\\vendor\\laravel\\framework\\src\\Illuminate\\Container\\BoundMethod.php(87): Illuminate\\Container\\BoundMethod::Illuminate\\Container\\{closure}()
#10 C:\\XAMPP\\htdocs\\Laravel55-API-Traversy\\vendor\\laravel\\framework\\src\\Illuminate\\Container\\BoundMethod.php(31): Illuminate\\Container\\BoundMethod::callBoundMethod(Object(Illuminate\\Foundation\\Application), Array, Object(Closure))
#11 C:\\XAMPP\\htdocs\\Laravel55-API-Traversy\\vendor\\laravel\\framework\\src\\Illuminate\\Container\\Container.php(549): Illuminate\\Container\\BoundMethod::call(Object(Illuminate\\Foundation\\Application), Array, Array, NULL)
#12 C:\\XAMPP\\htdocs\\Laravel55-API-Traversy\\vendor\\laravel\\framework\\src\\Illuminate\\Database\\Seeder.php(119): Illuminate\\Container\\Container->call(Array)
#13 C:\\XAMPP\\htdocs\\Laravel55-API-Traversy\\vendor\\laravel\\framework\\src\\Illuminate\\Database\\Seeder.php(41): Illuminate\\Database\\Seeder->__invoke()
#14 C:\\XAMPP\\htdocs\\Laravel55-API-Traversy\\database\\seeds\\DatabaseSeeder.php(14): Illuminate\\Database\\Seeder->call('ArticlesTableSe...')
#15 [internal function]: DatabaseSeeder->run()
#16 C:\\XAMPP\\htdocs\\Laravel55-API-Traversy\\vendor\\laravel\\framework\\src\\Illuminate\\Container\\BoundMethod.php(29): call_user_func_array(Array, Array)
#17 C:\\XAMPP\\htdocs\\Laravel55-API-Traversy\\vendor\\laravel\\framework\\src\\Illuminate\\Container\\BoundMethod.php(87): Illuminate\\Container\\BoundMethod::Illuminate\\Container\\{closure}()
#18 C:\\XAMPP\\htdocs\\Laravel55-API-Traversy\\vendor\\laravel\\framework\\src\\Illuminate\\Container\\BoundMethod.php(31): Illuminate\\Container\\BoundMethod::callBoundMethod(Object(Illuminate\\Foundation\\Application), Array, Object(Closure))
#19 C:\\XAMPP\\htdocs\\Laravel55-API-Traversy\\vendor\\laravel\\framework\\src\\Illuminate\\Container\\Container.php(549): Illuminate\\Container\\BoundMethod::call(Object(Illuminate\\Foundation\\Application), Array, Array, NULL)
#20 C:\\XAMPP\\htdocs\\Laravel55-API-Traversy\\vendor\\laravel\\framework\\src\\Illuminate\\Database\\Seeder.php(119): Illuminate\\Container\\Container->call(Array)
#21 C:\\XAMPP\\htdocs\\Laravel55-API-Traversy\\vendor\\laravel\\framework\\src\\Illuminate\\Database\\Console\\Seeds\\SeedCommand.php(63): Illuminate\\Database\\Seeder->__invoke()
#22 C:\\XAMPP\\htdocs\\Laravel55-API-Traversy\\vendor\\laravel\\framework\\src\\Illuminate\\Database\\Eloquent\\Concerns\\GuardsAttributes.php(122): Illuminate\\Database\\Console\\Seeds\\SeedCommand->Illuminate\\Database\\Console\\Seeds\\{closure}()
#23 C:\\XAMPP\\htdocs\\Laravel55-API-Traversy\\vendor\\laravel\\framework\\src\\Illuminate\\Database\\Console\\Seeds\\SeedCommand.php(64): Illuminate\\Database\\Eloquent\\Model::unguarded(Object(Closure))
#24 [internal function]: Illuminate\\Database\\Console\\Seeds\\SeedCommand->handle()
#25 C:\\XAMPP\\htdocs\\Laravel55-API-Traversy\\vendor\\laravel\\framework\\src\\Illuminate\\Container\\BoundMethod.php(29): call_user_func_array(Array, Array)
#26 C:\\XAMPP\\htdocs\\Laravel55-API-Traversy\\vendor\\laravel\\framework\\src\\Illuminate\\Container\\BoundMethod.php(87): Illuminate\\Container\\BoundMethod::Illuminate\\Container\\{closure}()
#27 C:\\XAMPP\\htdocs\\Laravel55-API-Traversy\\vendor\\laravel\\framework\\src\\Illuminate\\Container\\BoundMethod.php(31): Illuminate\\Container\\BoundMethod::callBoundMethod(Object(Illuminate\\Foundation\\Application), Array, Object(Closure))
#28 C:\\XAMPP\\htdocs\\Laravel55-API-Traversy\\vendor\\laravel\\framework\\src\\Illuminate\\Container\\Container.php(549): Illuminate\\Container\\BoundMethod::call(Object(Illuminate\\Foundation\\Application), Array, Array, NULL)
#29 C:\\XAMPP\\htdocs\\Laravel55-API-Traversy\\vendor\\laravel\\framework\\src\\Illuminate\\Console\\Command.php(180): Illuminate\\Container\\Container->call(Array)
#30 C:\\XAMPP\\htdocs\\Laravel55-API-Traversy\\vendor\\symfony\\console\\Command\\Command.php(264): Illuminate\\Console\\Command->execute(Object(Symfony\\Component\\Console\\Input\\ArgvInput), Object(Illuminate\\Console\\OutputStyle))
#31 C:\\XAMPP\\htdocs\\Laravel55-API-Traversy\\vendor\\laravel\\framework\\src\\Illuminate\\Console\\Command.php(167): Symfony\\Component\\Console\\Command\\Command->run(Object(Symfony\\Component\\Console\\Input\\ArgvInput), Object(Illuminate\\Console\\OutputStyle))
#32 C:\\XAMPP\\htdocs\\Laravel55-API-Traversy\\vendor\\symfony\\console\\Application.php(888): Illuminate\\Console\\Command->run(Object(Symfony\\Component\\Console\\Input\\ArgvInput), Object(Symfony\\Component\\Console\\Output\\ConsoleOutput))
#33 C:\\XAMPP\\htdocs\\Laravel55-API-Traversy\\vendor\\symfony\\console\\Application.php(224): Symfony\\Component\\Console\\Application->doRunCommand(Object(Illuminate\\Database\\Console\\Seeds\\SeedCommand), Object(Symfony\\Component\\Console\\Input\\ArgvInput), Object(Symfony\\Component\\Console\\Output\\ConsoleOutput))
#34 C:\\XAMPP\\htdocs\\Laravel55-API-Traversy\\vendor\\symfony\\console\\Application.php(125): Symfony\\Component\\Console\\Application->doRun(Object(Symfony\\Component\\Console\\Input\\ArgvInput), Object(Symfony\\Component\\Console\\Output\\ConsoleOutput))
#35 C:\\XAMPP\\htdocs\\Laravel55-API-Traversy\\vendor\\laravel\\framework\\src\\Illuminate\\Console\\Application.php(88): Symfony\\Component\\Console\\Application->run(Object(Symfony\\Component\\Console\\Input\\ArgvInput), Object(Symfony\\Component\\Console\\Output\\ConsoleOutput))
#36 C:\\XAMPP\\htdocs\\Laravel55-API-Traversy\\vendor\\laravel\\framework\\src\\Illuminate\\Foundation\\Console\\Kernel.php(121): Illuminate\\Console\\Application->run(Object(Symfony\\Component\\Console\\Input\\ArgvInput), Object(Symfony\\Component\\Console\\Output\\ConsoleOutput))
#37 C:\\XAMPP\\htdocs\\Laravel55-API-Traversy\\artisan(37): Illuminate\\Foundation\\Console\\Kernel->handle(Object(Symfony\\Component\\Console\\Input\\ArgvInput), Object(Symfony\\Component\\Console\\Output\\ConsoleOutput))
#38 {main}
"} 
[2018-04-11 05:12:05] local.ERROR: Command "make:Resource" is not defined.

Did you mean one of these?
    make:auth
    make:command
    make:controller
    make:event
    make:factory
    make:job
    make:listener
    make:mail
    make:middleware
    make:migration
    make:model
    make:notification
    make:policy
    make:provider
    make:request
    make:resource
    make:rule
    make:seeder
    make:test {"exception":"[object] (Symfony\\Component\\Console\\Exception\\CommandNotFoundException(code: 0): Command \"make:Resource\" is not defined.

Did you mean one of these?
    make:auth
    make:command
    make:controller
    make:event
    make:factory
    make:job
    make:listener
    make:mail
    make:middleware
    make:migration
    make:model
    make:notification
    make:policy
    make:provider
    make:request
    make:resource
    make:rule
    make:seeder
    make:test at C:\\XAMPP\\htdocs\\Laravel55-API-Traversy\\vendor\\symfony\\console\\Application.php:596)
[stacktrace]
#0 C:\\XAMPP\\htdocs\\Laravel55-API-Traversy\\vendor\\symfony\\console\\Application.php(205): Symfony\\Component\\Console\\Application->find('make:Resource')
#1 C:\\XAMPP\\htdocs\\Laravel55-API-Traversy\\vendor\\symfony\\console\\Application.php(125): Symfony\\Component\\Console\\Application->doRun(Object(Symfony\\Component\\Console\\Input\\ArgvInput), Object(Symfony\\Component\\Console\\Output\\ConsoleOutput))
#2 C:\\XAMPP\\htdocs\\Laravel55-API-Traversy\\vendor\\laravel\\framework\\src\\Illuminate\\Console\\Application.php(88): Symfony\\Component\\Console\\Application->run(Object(Symfony\\Component\\Console\\Input\\ArgvInput), Object(Symfony\\Component\\Console\\Output\\ConsoleOutput))
#3 C:\\XAMPP\\htdocs\\Laravel55-API-Traversy\\vendor\\laravel\\framework\\src\\Illuminate\\Foundation\\Console\\Kernel.php(121): Illuminate\\Console\\Application->run(Object(Symfony\\Component\\Console\\Input\\ArgvInput), Object(Symfony\\Component\\Console\\Output\\ConsoleOutput))
#4 C:\\XAMPP\\htdocs\\Laravel55-API-Traversy\\artisan(37): Illuminate\\Foundation\\Console\\Kernel->handle(Object(Symfony\\Component\\Console\\Input\\ArgvInput), Object(Symfony\\Component\\Console\\Output\\ConsoleOutput))
#5 {main}
"} 
[2018-04-11 05:22:29] local.ERROR: Class 'App\Http\Controllers\Article' not found {"exception":"[object] (Symfony\\Component\\Debug\\Exception\\FatalThrowableError(code: 0): Class 'App\\Http\\Controllers\\Article' not found at C:\\XAMPP\\htdocs\\Laravel55-API-Traversy\\app\\Http\\Controllers\\ArticleController.php:16)
[stacktrace]
#0 [internal function]: App\\Http\\Controllers\\ArticleController->index()
#1 C:\\XAMPP\\htdocs\\Laravel55-API-Traversy\\vendor\\laravel\\framework\\src\\Illuminate\\Routing\\Controller.php(54): call_user_func_array(Array, Array)
#2 C:\\XAMPP\\htdocs\\Laravel55-API-Traversy\\vendor\\laravel\\framework\\src\\Illuminate\\Routing\\ControllerDispatcher.php(45): Illuminate\\Routing\\Controller->callAction('index', Array)
#3 C:\\XAMPP\\htdocs\\Laravel55-API-Traversy\\vendor\\laravel\\framework\\src\\Illuminate\\Routing\\Route.php(205): Illuminate\\Routing\\ControllerDispatcher->dispatch(Object(Illuminate\\Routing\\Route), Object(App\\Http\\Controllers\\ArticleController), 'index')
#4 C:\\XAMPP\\htdocs\\Laravel55-API-Traversy\\vendor\\laravel\\framework\\src\\Illuminate\\Routing\\Route.php(162): Illuminate\\Routing\\Route->runController()
#5 C:\\XAMPP\\htdocs\\Laravel55-API-Traversy\\vendor\\laravel\\framework\\src\\Illuminate\\Routing\\Router.php(610): Illuminate\\Routing\\Route->run()
#6 C:\\XAMPP\\htdocs\\Laravel55-API-Traversy\\vendor\\laravel\\framework\\src\\Illuminate\\Routing\\Pipeline.php(30): Illuminate\\Routing\\Router->Illuminate\\Routing\\{closure}(Object(Illuminate\\Http\\Request))
#7 C:\\XAMPP\\htdocs\\Laravel55-API-Traversy\\vendor\\laravel\\framework\\src\\Illuminate\\Routing\\Middleware\\SubstituteBindings.php(41): Illuminate\\Routing\\Pipeline->Illuminate\\Routing\\{closure}(Object(Illuminate\\Http\\Request))
#8 C:\\XAMPP\\htdocs\\Laravel55-API-Traversy\\vendor\\laravel\\framework\\src\\Illuminate\\Pipeline\\Pipeline.php(149): Illuminate\\Routing\\Middleware\\SubstituteBindings->handle(Object(Illuminate\\Http\\Request), Object(Closure))
#9 C:\\XAMPP\\htdocs\\Laravel55-API-Traversy\\vendor\\laravel\\framework\\src\\Illuminate\\Routing\\Pipeline.php(53): Illuminate\\Pipeline\\Pipeline->Illuminate\\Pipeline\\{closure}(Object(Illuminate\\Http\\Request))
#10 C:\\XAMPP\\htdocs\\Laravel55-API-Traversy\\vendor\\laravel\\framework\\src\\Illuminate\\Foundation\\Http\\Middleware\\VerifyCsrfToken.php(67): Illuminate\\Routing\\Pipeline->Illuminate\\Routing\\{closure}(Object(Illuminate\\Http\\Request))
#11 C:\\XAMPP\\htdocs\\Laravel55-API-Traversy\\vendor\\laravel\\framework\\src\\Illuminate\\Pipeline\\Pipeline.php(149): Illuminate\\Foundation\\Http\\Middleware\\VerifyCsrfToken->handle(Object(Illuminate\\Http\\Request), Object(Closure))
#12 C:\\XAMPP\\htdocs\\Laravel55-API-Traversy\\vendor\\laravel\\framework\\src\\Illuminate\\Routing\\Pipeline.php(53): Illuminate\\Pipeline\\Pipeline->Illuminate\\Pipeline\\{closure}(Object(Illuminate\\Http\\Request))
#13 C:\\XAMPP\\htdocs\\Laravel55-API-Traversy\\vendor\\laravel\\framework\\src\\Illuminate\\View\\Middleware\\ShareErrorsFromSession.php(49): Illuminate\\Routing\\Pipeline->Illuminate\\Routing\\{closure}(Object(Illuminate\\Http\\Request))
#14 C:\\XAMPP\\htdocs\\Laravel55-API-Traversy\\vendor\\laravel\\framework\\src\\Illuminate\\Pipeline\\Pipeline.php(149): Illuminate\\View\\Middleware\\ShareErrorsFromSession->handle(Object(Illuminate\\Http\\Request), Object(Closure))
#15 C:\\XAMPP\\htdocs\\Laravel55-API-Traversy\\vendor\\laravel\\framework\\src\\Illuminate\\Routing\\Pipeline.php(53): Illuminate\\Pipeline\\Pipeline->Illuminate\\Pipeline\\{closure}(Object(Illuminate\\Http\\Request))
#16 C:\\XAMPP\\htdocs\\Laravel55-API-Traversy\\vendor\\laravel\\framework\\src\\Illuminate\\Session\\Middleware\\StartSession.php(63): Illuminate\\Routing\\Pipeline->Illuminate\\Routing\\{closure}(Object(Illuminate\\Http\\Request))
#17 C:\\XAMPP\\htdocs\\Laravel55-API-Traversy\\vendor\\laravel\\framework\\src\\Illuminate\\Pipeline\\Pipeline.php(149): Illuminate\\Session\\Middleware\\StartSession->handle(Object(Illuminate\\Http\\Request), Object(Closure))
#18 C:\\XAMPP\\htdocs\\Laravel55-API-Traversy\\vendor\\laravel\\framework\\src\\Illuminate\\Routing\\Pipeline.php(53): Illuminate\\Pipeline\\Pipeline->Illuminate\\Pipeline\\{closure}(Object(Illuminate\\Http\\Request))
#19 C:\\XAMPP\\htdocs\\Laravel55-API-Traversy\\vendor\\laravel\\framework\\src\\Illuminate\\Cookie\\Middleware\\AddQueuedCookiesToResponse.php(37): Illuminate\\Routing\\Pipeline->Illuminate\\Routing\\{closure}(Object(Illuminate\\Http\\Request))
#20 C:\\XAMPP\\htdocs\\Laravel55-API-Traversy\\vendor\\laravel\\framework\\src\\Illuminate\\Pipeline\\Pipeline.php(149): Illuminate\\Cookie\\Middleware\\AddQueuedCookiesToResponse->handle(Object(Illuminate\\Http\\Request), Object(Closure))
#21 C:\\XAMPP\\htdocs\\Laravel55-API-Traversy\\vendor\\laravel\\framework\\src\\Illuminate\\Routing\\Pipeline.php(53): Illuminate\\Pipeline\\Pipeline->Illuminate\\Pipeline\\{closure}(Object(Illuminate\\Http\\Request))
#22 C:\\XAMPP\\htdocs\\Laravel55-API-Traversy\\vendor\\laravel\\framework\\src\\Illuminate\\Cookie\\Middleware\\EncryptCookies.php(59): Illuminate\\Routing\\Pipeline->Illuminate\\Routing\\{closure}(Object(Illuminate\\Http\\Request))
#23 C:\\XAMPP\\htdocs\\Laravel55-API-Traversy\\vendor\\laravel\\framework\\src\\Illuminate\\Pipeline\\Pipeline.php(149): Illuminate\\Cookie\\Middleware\\EncryptCookies->handle(Object(Illuminate\\Http\\Request), Object(Closure))
#24 C:\\XAMPP\\htdocs\\Laravel55-API-Traversy\\vendor\\laravel\\framework\\src\\Illuminate\\Routing\\Pipeline.php(53): Illuminate\\Pipeline\\Pipeline->Illuminate\\Pipeline\\{closure}(Object(Illuminate\\Http\\Request))
#25 C:\\XAMPP\\htdocs\\Laravel55-API-Traversy\\vendor\\laravel\\framework\\src\\Illuminate\\Pipeline\\Pipeline.php(102): Illuminate\\Routing\\Pipeline->Illuminate\\Routing\\{closure}(Object(Illuminate\\Http\\Request))
#26 C:\\XAMPP\\htdocs\\Laravel55-API-Traversy\\vendor\\laravel\\framework\\src\\Illuminate\\Routing\\Router.php(612): Illuminate\\Pipeline\\Pipeline->then(Object(Closure))
#27 C:\\XAMPP\\htdocs\\Laravel55-API-Traversy\\vendor\\laravel\\framework\\src\\Illuminate\\Routing\\Router.php(571): Illuminate\\Routing\\Router->runRouteWithinStack(Object(Illuminate\\Routing\\Route), Object(Illuminate\\Http\\Request))
#28 C:\\XAMPP\\htdocs\\Laravel55-API-Traversy\\vendor\\laravel\\framework\\src\\Illuminate\\Routing\\Router.php(549): Illuminate\\Routing\\Router->dispatchToRoute(Object(Illuminate\\Http\\Request))
#29 C:\\XAMPP\\htdocs\\Laravel55-API-Traversy\\vendor\\laravel\\framework\\src\\Illuminate\\Foundation\\Http\\Kernel.php(176): Illuminate\\Routing\\Router->dispatch(Object(Illuminate\\Http\\Request))
#30 C:\\XAMPP\\htdocs\\Laravel55-API-Traversy\\vendor\\laravel\\framework\\src\\Illuminate\\Routing\\Pipeline.php(30): Illuminate\\Foundation\\Http\\Kernel->Illuminate\\Foundation\\Http\\{closure}(Object(Illuminate\\Http\\Request))
#31 C:\\XAMPP\\htdocs\\Laravel55-API-Traversy\\vendor\\fideloper\\proxy\\src\\TrustProxies.php(56): Illuminate\\Routing\\Pipeline->Illuminate\\Routing\\{closure}(Object(Illuminate\\Http\\Request))
#32 C:\\XAMPP\\htdocs\\Laravel55-API-Traversy\\vendor\\laravel\\framework\\src\\Illuminate\\Pipeline\\Pipeline.php(149): Fideloper\\Proxy\\TrustProxies->handle(Object(Illuminate\\Http\\Request), Object(Closure))
#33 C:\\XAMPP\\htdocs\\Laravel55-API-Traversy\\vendor\\laravel\\framework\\src\\Illuminate\\Routing\\Pipeline.php(53): Illuminate\\Pipeline\\Pipeline->Illuminate\\Pipeline\\{closure}(Object(Illuminate\\Http\\Request))
#34 C:\\XAMPP\\htdocs\\Laravel55-API-Traversy\\vendor\\laravel\\framework\\src\\Illuminate\\Foundation\\Http\\Middleware\\TransformsRequest.php(30): Illuminate\\Routing\\Pipeline->Illuminate\\Routing\\{closure}(Object(Illuminate\\Http\\Request))
#35 C:\\XAMPP\\htdocs\\Laravel55-API-Traversy\\vendor\\laravel\\framework\\src\\Illuminate\\Pipeline\\Pipeline.php(149): Illuminate\\Foundation\\Http\\Middleware\\TransformsRequest->handle(Object(Illuminate\\Http\\Request), Object(Closure))
#36 C:\\XAMPP\\htdocs\\Laravel55-API-Traversy\\vendor\\laravel\\framework\\src\\Illuminate\\Routing\\Pipeline.php(53): Illuminate\\Pipeline\\Pipeline->Illuminate\\Pipeline\\{closure}(Object(Illuminate\\Http\\Request))
#37 C:\\XAMPP\\htdocs\\Laravel55-API-Traversy\\vendor\\laravel\\framework\\src\\Illuminate\\Foundation\\Http\\Middleware\\TransformsRequest.php(30): Illuminate\\Routing\\Pipeline->Illuminate\\Routing\\{closure}(Object(Illuminate\\Http\\Request))
#38 C:\\XAMPP\\htdocs\\Laravel55-API-Traversy\\vendor\\laravel\\framework\\src\\Illuminate\\Pipeline\\Pipeline.php(149): Illuminate\\Foundation\\Http\\Middleware\\TransformsRequest->handle(Object(Illuminate\\Http\\Request), Object(Closure))
#39 C:\\XAMPP\\htdocs\\Laravel55-API-Traversy\\vendor\\laravel\\framework\\src\\Illuminate\\Routing\\Pipeline.php(53): Illuminate\\Pipeline\\Pipeline->Illuminate\\Pipeline\\{closure}(Object(Illuminate\\Http\\Request))
#40 C:\\XAMPP\\htdocs\\Laravel55-API-Traversy\\vendor\\laravel\\framework\\src\\Illuminate\\Foundation\\Http\\Middleware\\ValidatePostSize.php(27): Illuminate\\Routing\\Pipeline->Illuminate\\Routing\\{closure}(Object(Illuminate\\Http\\Request))
#41 C:\\XAMPP\\htdocs\\Laravel55-API-Traversy\\vendor\\laravel\\framework\\src\\Illuminate\\Pipeline\\Pipeline.php(149): Illuminate\\Foundation\\Http\\Middleware\\ValidatePostSize->handle(Object(Illuminate\\Http\\Request), Object(Closure))
#42 C:\\XAMPP\\htdocs\\Laravel55-API-Traversy\\vendor\\laravel\\framework\\src\\Illuminate\\Routing\\Pipeline.php(53): Illuminate\\Pipeline\\Pipeline->Illuminate\\Pipeline\\{closure}(Object(Illuminate\\Http\\Request))
#43 C:\\XAMPP\\htdocs\\Laravel55-API-Traversy\\vendor\\laravel\\framework\\src\\Illuminate\\Foundation\\Http\\Middleware\\CheckForMaintenanceMode.php(46): Illuminate\\Routing\\Pipeline->Illuminate\\Routing\\{closure}(Object(Illuminate\\Http\\Request))
#44 C:\\XAMPP\\htdocs\\Laravel55-API-Traversy\\vendor\\laravel\\framework\\src\\Illuminate\\Pipeline\\Pipeline.php(149): Illuminate\\Foundation\\Http\\Middleware\\CheckForMaintenanceMode->handle(Object(Illuminate\\Http\\Request), Object(Closure))
#45 C:\\XAMPP\\htdocs\\Laravel55-API-Traversy\\vendor\\laravel\\framework\\src\\Illuminate\\Routing\\Pipeline.php(53): Illuminate\\Pipeline\\Pipeline->Illuminate\\Pipeline\\{closure}(Object(Illuminate\\Http\\Request))
#46 C:\\XAMPP\\htdocs\\Laravel55-API-Traversy\\vendor\\laravel\\framework\\src\\Illuminate\\Pipeline\\Pipeline.php(102): Illuminate\\Routing\\Pipeline->Illuminate\\Routing\\{closure}(Object(Illuminate\\Http\\Request))
#47 C:\\XAMPP\\htdocs\\Laravel55-API-Traversy\\vendor\\laravel\\framework\\src\\Illuminate\\Foundation\\Http\\Kernel.php(151): Illuminate\\Pipeline\\Pipeline->then(Object(Closure))
#48 C:\\XAMPP\\htdocs\\Laravel55-API-Traversy\\vendor\\laravel\\framework\\src\\Illuminate\\Foundation\\Http\\Kernel.php(116): Illuminate\\Foundation\\Http\\Kernel->sendRequestThroughRouter(Object(Illuminate\\Http\\Request))
#49 C:\\XAMPP\\htdocs\\Laravel55-API-Traversy\\public\\index.php(55): Illuminate\\Foundation\\Http\\Kernel->handle(Object(Illuminate\\Http\\Request))
#50 {main}
"} 
[2018-04-11 05:41:30] local.ERROR: Parse error: syntax error, unexpected '}', expecting ';' {"exception":"[object] (Symfony\\Component\\Debug\\Exception\\FatalThrowableError(code: 0): Parse error: syntax error, unexpected '}', expecting ';' at C:\\XAMPP\\htdocs\\Laravel55-API-Traversy\\app\\Http\\Resources\\Article.php:31)
[stacktrace]
#0 C:\\XAMPP\\htdocs\\Laravel55-API-Traversy\\vendor\\composer\\ClassLoader.php(322): Composer\\Autoload\\includeFile('C:\\\\XAMPP\\\\htdocs...')
#1 [internal function]: Composer\\Autoload\\ClassLoader->loadClass('App\\\\Http\\\\Resour...')
#2 C:\\XAMPP\\htdocs\\Laravel55-API-Traversy\\app\\Http\\Controllers\\ArticleController.php(55): spl_autoload_call('App\\\\Http\\\\Resour...')
#3 [internal function]: App\\Http\\Controllers\\ArticleController->show('3')
#4 C:\\XAMPP\\htdocs\\Laravel55-API-Traversy\\vendor\\laravel\\framework\\src\\Illuminate\\Routing\\Controller.php(54): call_user_func_array(Array, Array)
#5 C:\\XAMPP\\htdocs\\Laravel55-API-Traversy\\vendor\\laravel\\framework\\src\\Illuminate\\Routing\\ControllerDispatcher.php(45): Illuminate\\Routing\\Controller->callAction('show', Array)
#6 C:\\XAMPP\\htdocs\\Laravel55-API-Traversy\\vendor\\laravel\\framework\\src\\Illuminate\\Routing\\Route.php(205): Illuminate\\Routing\\ControllerDispatcher->dispatch(Object(Illuminate\\Routing\\Route), Object(App\\Http\\Controllers\\ArticleController), 'show')
#7 C:\\XAMPP\\htdocs\\Laravel55-API-Traversy\\vendor\\laravel\\framework\\src\\Illuminate\\Routing\\Route.php(162): Illuminate\\Routing\\Route->runController()
#8 C:\\XAMPP\\htdocs\\Laravel55-API-Traversy\\vendor\\laravel\\framework\\src\\Illuminate\\Routing\\Router.php(610): Illuminate\\Routing\\Route->run()
#9 C:\\XAMPP\\htdocs\\Laravel55-API-Traversy\\vendor\\laravel\\framework\\src\\Illuminate\\Routing\\Pipeline.php(30): Illuminate\\Routing\\Router->Illuminate\\Routing\\{closure}(Object(Illuminate\\Http\\Request))
#10 C:\\XAMPP\\htdocs\\Laravel55-API-Traversy\\vendor\\laravel\\framework\\src\\Illuminate\\Routing\\Middleware\\SubstituteBindings.php(41): Illuminate\\Routing\\Pipeline->Illuminate\\Routing\\{closure}(Object(Illuminate\\Http\\Request))
#11 C:\\XAMPP\\htdocs\\Laravel55-API-Traversy\\vendor\\laravel\\framework\\src\\Illuminate\\Pipeline\\Pipeline.php(149): Illuminate\\Routing\\Middleware\\SubstituteBindings->handle(Object(Illuminate\\Http\\Request), Object(Closure))
#12 C:\\XAMPP\\htdocs\\Laravel55-API-Traversy\\vendor\\laravel\\framework\\src\\Illuminate\\Routing\\Pipeline.php(53): Illuminate\\Pipeline\\Pipeline->Illuminate\\Pipeline\\{closure}(Object(Illuminate\\Http\\Request))
#13 C:\\XAMPP\\htdocs\\Laravel55-API-Traversy\\vendor\\laravel\\framework\\src\\Illuminate\\Foundation\\Http\\Middleware\\VerifyCsrfToken.php(67): Illuminate\\Routing\\Pipeline->Illuminate\\Routing\\{closure}(Object(Illuminate\\Http\\Request))
#14 C:\\XAMPP\\htdocs\\Laravel55-API-Traversy\\vendor\\laravel\\framework\\src\\Illuminate\\Pipeline\\Pipeline.php(149): Illuminate\\Foundation\\Http\\Middleware\\VerifyCsrfToken->handle(Object(Illuminate\\Http\\Request), Object(Closure))
#15 C:\\XAMPP\\htdocs\\Laravel55-API-Traversy\\vendor\\laravel\\framework\\src\\Illuminate\\Routing\\Pipeline.php(53): Illuminate\\Pipeline\\Pipeline->Illuminate\\Pipeline\\{closure}(Object(Illuminate\\Http\\Request))
#16 C:\\XAMPP\\htdocs\\Laravel55-API-Traversy\\vendor\\laravel\\framework\\src\\Illuminate\\View\\Middleware\\ShareErrorsFromSession.php(49): Illuminate\\Routing\\Pipeline->Illuminate\\Routing\\{closure}(Object(Illuminate\\Http\\Request))
#17 C:\\XAMPP\\htdocs\\Laravel55-API-Traversy\\vendor\\laravel\\framework\\src\\Illuminate\\Pipeline\\Pipeline.php(149): Illuminate\\View\\Middleware\\ShareErrorsFromSession->handle(Object(Illuminate\\Http\\Request), Object(Closure))
#18 C:\\XAMPP\\htdocs\\Laravel55-API-Traversy\\vendor\\laravel\\framework\\src\\Illuminate\\Routing\\Pipeline.php(53): Illuminate\\Pipeline\\Pipeline->Illuminate\\Pipeline\\{closure}(Object(Illuminate\\Http\\Request))
#19 C:\\XAMPP\\htdocs\\Laravel55-API-Traversy\\vendor\\laravel\\framework\\src\\Illuminate\\Session\\Middleware\\StartSession.php(63): Illuminate\\Routing\\Pipeline->Illuminate\\Routing\\{closure}(Object(Illuminate\\Http\\Request))
#20 C:\\XAMPP\\htdocs\\Laravel55-API-Traversy\\vendor\\laravel\\framework\\src\\Illuminate\\Pipeline\\Pipeline.php(149): Illuminate\\Session\\Middleware\\StartSession->handle(Object(Illuminate\\Http\\Request), Object(Closure))
#21 C:\\XAMPP\\htdocs\\Laravel55-API-Traversy\\vendor\\laravel\\framework\\src\\Illuminate\\Routing\\Pipeline.php(53): Illuminate\\Pipeline\\Pipeline->Illuminate\\Pipeline\\{closure}(Object(Illuminate\\Http\\Request))
#22 C:\\XAMPP\\htdocs\\Laravel55-API-Traversy\\vendor\\laravel\\framework\\src\\Illuminate\\Cookie\\Middleware\\AddQueuedCookiesToResponse.php(37): Illuminate\\Routing\\Pipeline->Illuminate\\Routing\\{closure}(Object(Illuminate\\Http\\Request))
#23 C:\\XAMPP\\htdocs\\Laravel55-API-Traversy\\vendor\\laravel\\framework\\src\\Illuminate\\Pipeline\\Pipeline.php(149): Illuminate\\Cookie\\Middleware\\AddQueuedCookiesToResponse->handle(Object(Illuminate\\Http\\Request), Object(Closure))
#24 C:\\XAMPP\\htdocs\\Laravel55-API-Traversy\\vendor\\laravel\\framework\\src\\Illuminate\\Routing\\Pipeline.php(53): Illuminate\\Pipeline\\Pipeline->Illuminate\\Pipeline\\{closure}(Object(Illuminate\\Http\\Request))
#25 C:\\XAMPP\\htdocs\\Laravel55-API-Traversy\\vendor\\laravel\\framework\\src\\Illuminate\\Cookie\\Middleware\\EncryptCookies.php(59): Illuminate\\Routing\\Pipeline->Illuminate\\Routing\\{closure}(Object(Illuminate\\Http\\Request))
#26 C:\\XAMPP\\htdocs\\Laravel55-API-Traversy\\vendor\\laravel\\framework\\src\\Illuminate\\Pipeline\\Pipeline.php(149): Illuminate\\Cookie\\Middleware\\EncryptCookies->handle(Object(Illuminate\\Http\\Request), Object(Closure))
#27 C:\\XAMPP\\htdocs\\Laravel55-API-Traversy\\vendor\\laravel\\framework\\src\\Illuminate\\Routing\\Pipeline.php(53): Illuminate\\Pipeline\\Pipeline->Illuminate\\Pipeline\\{closure}(Object(Illuminate\\Http\\Request))
#28 C:\\XAMPP\\htdocs\\Laravel55-API-Traversy\\vendor\\laravel\\framework\\src\\Illuminate\\Pipeline\\Pipeline.php(102): Illuminate\\Routing\\Pipeline->Illuminate\\Routing\\{closure}(Object(Illuminate\\Http\\Request))
#29 C:\\XAMPP\\htdocs\\Laravel55-API-Traversy\\vendor\\laravel\\framework\\src\\Illuminate\\Routing\\Router.php(612): Illuminate\\Pipeline\\Pipeline->then(Object(Closure))
#30 C:\\XAMPP\\htdocs\\Laravel55-API-Traversy\\vendor\\laravel\\framework\\src\\Illuminate\\Routing\\Router.php(571): Illuminate\\Routing\\Router->runRouteWithinStack(Object(Illuminate\\Routing\\Route), Object(Illuminate\\Http\\Request))
#31 C:\\XAMPP\\htdocs\\Laravel55-API-Traversy\\vendor\\laravel\\framework\\src\\Illuminate\\Routing\\Router.php(549): Illuminate\\Routing\\Router->dispatchToRoute(Object(Illuminate\\Http\\Request))
#32 C:\\XAMPP\\htdocs\\Laravel55-API-Traversy\\vendor\\laravel\\framework\\src\\Illuminate\\Foundation\\Http\\Kernel.php(176): Illuminate\\Routing\\Router->dispatch(Object(Illuminate\\Http\\Request))
#33 C:\\XAMPP\\htdocs\\Laravel55-API-Traversy\\vendor\\laravel\\framework\\src\\Illuminate\\Routing\\Pipeline.php(30): Illuminate\\Foundation\\Http\\Kernel->Illuminate\\Foundation\\Http\\{closure}(Object(Illuminate\\Http\\Request))
#34 C:\\XAMPP\\htdocs\\Laravel55-API-Traversy\\vendor\\fideloper\\proxy\\src\\TrustProxies.php(56): Illuminate\\Routing\\Pipeline->Illuminate\\Routing\\{closure}(Object(Illuminate\\Http\\Request))
#35 C:\\XAMPP\\htdocs\\Laravel55-API-Traversy\\vendor\\laravel\\framework\\src\\Illuminate\\Pipeline\\Pipeline.php(149): Fideloper\\Proxy\\TrustProxies->handle(Object(Illuminate\\Http\\Request), Object(Closure))
#36 C:\\XAMPP\\htdocs\\Laravel55-API-Traversy\\vendor\\laravel\\framework\\src\\Illuminate\\Routing\\Pipeline.php(53): Illuminate\\Pipeline\\Pipeline->Illuminate\\Pipeline\\{closure}(Object(Illuminate\\Http\\Request))
#37 C:\\XAMPP\\htdocs\\Laravel55-API-Traversy\\vendor\\laravel\\framework\\src\\Illuminate\\Foundation\\Http\\Middleware\\TransformsRequest.php(30): Illuminate\\Routing\\Pipeline->Illuminate\\Routing\\{closure}(Object(Illuminate\\Http\\Request))
#38 C:\\XAMPP\\htdocs\\Laravel55-API-Traversy\\vendor\\laravel\\framework\\src\\Illuminate\\Pipeline\\Pipeline.php(149): Illuminate\\Foundation\\Http\\Middleware\\TransformsRequest->handle(Object(Illuminate\\Http\\Request), Object(Closure))
#39 C:\\XAMPP\\htdocs\\Laravel55-API-Traversy\\vendor\\laravel\\framework\\src\\Illuminate\\Routing\\Pipeline.php(53): Illuminate\\Pipeline\\Pipeline->Illuminate\\Pipeline\\{closure}(Object(Illuminate\\Http\\Request))
#40 C:\\XAMPP\\htdocs\\Laravel55-API-Traversy\\vendor\\laravel\\framework\\src\\Illuminate\\Foundation\\Http\\Middleware\\TransformsRequest.php(30): Illuminate\\Routing\\Pipeline->Illuminate\\Routing\\{closure}(Object(Illuminate\\Http\\Request))
#41 C:\\XAMPP\\htdocs\\Laravel55-API-Traversy\\vendor\\laravel\\framework\\src\\Illuminate\\Pipeline\\Pipeline.php(149): Illuminate\\Foundation\\Http\\Middleware\\TransformsRequest->handle(Object(Illuminate\\Http\\Request), Object(Closure))
#42 C:\\XAMPP\\htdocs\\Laravel55-API-Traversy\\vendor\\laravel\\framework\\src\\Illuminate\\Routing\\Pipeline.php(53): Illuminate\\Pipeline\\Pipeline->Illuminate\\Pipeline\\{closure}(Object(Illuminate\\Http\\Request))
#43 C:\\XAMPP\\htdocs\\Laravel55-API-Traversy\\vendor\\laravel\\framework\\src\\Illuminate\\Foundation\\Http\\Middleware\\ValidatePostSize.php(27): Illuminate\\Routing\\Pipeline->Illuminate\\Routing\\{closure}(Object(Illuminate\\Http\\Request))
#44 C:\\XAMPP\\htdocs\\Laravel55-API-Traversy\\vendor\\laravel\\framework\\src\\Illuminate\\Pipeline\\Pipeline.php(149): Illuminate\\Foundation\\Http\\Middleware\\ValidatePostSize->handle(Object(Illuminate\\Http\\Request), Object(Closure))
#45 C:\\XAMPP\\htdocs\\Laravel55-API-Traversy\\vendor\\laravel\\framework\\src\\Illuminate\\Routing\\Pipeline.php(53): Illuminate\\Pipeline\\Pipeline->Illuminate\\Pipeline\\{closure}(Object(Illuminate\\Http\\Request))
#46 C:\\XAMPP\\htdocs\\Laravel55-API-Traversy\\vendor\\laravel\\framework\\src\\Illuminate\\Foundation\\Http\\Middleware\\CheckForMaintenanceMode.php(46): Illuminate\\Routing\\Pipeline->Illuminate\\Routing\\{closure}(Object(Illuminate\\Http\\Request))
#47 C:\\XAMPP\\htdocs\\Laravel55-API-Traversy\\vendor\\laravel\\framework\\src\\Illuminate\\Pipeline\\Pipeline.php(149): Illuminate\\Foundation\\Http\\Middleware\\CheckForMaintenanceMode->handle(Object(Illuminate\\Http\\Request), Object(Closure))
#48 C:\\XAMPP\\htdocs\\Laravel55-API-Traversy\\vendor\\laravel\\framework\\src\\Illuminate\\Routing\\Pipeline.php(53): Illuminate\\Pipeline\\Pipeline->Illuminate\\Pipeline\\{closure}(Object(Illuminate\\Http\\Request))
#49 C:\\XAMPP\\htdocs\\Laravel55-API-Traversy\\vendor\\laravel\\framework\\src\\Illuminate\\Pipeline\\Pipeline.php(102): Illuminate\\Routing\\Pipeline->Illuminate\\Routing\\{closure}(Object(Illuminate\\Http\\Request))
#50 C:\\XAMPP\\htdocs\\Laravel55-API-Traversy\\vendor\\laravel\\framework\\src\\Illuminate\\Foundation\\Http\\Kernel.php(151): Illuminate\\Pipeline\\Pipeline->then(Object(Closure))
#51 C:\\XAMPP\\htdocs\\Laravel55-API-Traversy\\vendor\\laravel\\framework\\src\\Illuminate\\Foundation\\Http\\Kernel.php(116): Illuminate\\Foundation\\Http\\Kernel->sendRequestThroughRouter(Object(Illuminate\\Http\\Request))
#52 C:\\XAMPP\\htdocs\\Laravel55-API-Traversy\\public\\index.php(55): Illuminate\\Foundation\\Http\\Kernel->handle(Object(Illuminate\\Http\\Request))
#53 {main}
"} 
